# JRE version: OpenJDK Runtime Environment (8.0_152-b01) (build 1.8.0_152-release-915-b01)
# Java VM: OpenJDK 64-Bit Server VM (25.152-b01 mixed mode windows-amd64 compressed oops)
Heap:
 PSYoungGen      total 414720K, used 39348K [0x00000000e0000000, 0x00000000fc480000, 0x0000000100000000)
  eden space 375296K, 9% used [0x00000000e0000000,0x00000000e23817c8,0x00000000f6e80000)
  from space 39424K, 7% used [0x00000000f9e00000,0x00000000fa0eb998,0x00000000fc480000)
  to   space 44032K, 0% used [0x00000000f6e80000,0x00000000f6e80000,0x00000000f9980000)
 ParOldGen       total 265216K, used 93995K [0x00000000a0000000, 0x00000000b0300000, 0x00000000e0000000)
  object space 265216K, 35% used [0x00000000a0000000,0x00000000a5bcae58,0x00000000b0300000)
 Metaspace       used 97162K, capacity 105782K, committed 106004K, reserved 1140736K
  class space    used 12487K, capacity 14482K, committed 14652K, reserved 1048576K
GC Heap History (10 events):
Event: 2137.209 GC heap before
{Heap before GC invocations=42 (full 4):
 PSYoungGen      total 288768K, used 273869K [0x00000000e0000000, 0x00000000f6b80000, 0x0000000100000000)
  eden space 246784K, 100% used [0x00000000e0000000,0x00000000ef100000,0x00000000ef100000)
  from space 41984K, 64% used [0x00000000ef100000,0x00000000f0b736d0,0x00000000f1a00000)
  to   space 41472K, 0% used [0x00000000f4300000,0x00000000f4300000,0x00000000f6b80000)
 ParOldGen       total 265216K, used 69205K [0x00000000a0000000, 0x00000000b0300000, 0x00000000e0000000)
  object space 265216K, 26% used [0x00000000a0000000,0x00000000a4395758,0x00000000b0300000)
 Metaspace       used 95042K, capacity 103364K, committed 103572K, reserved 1138688K
  class space    used 12209K, capacity 14127K, committed 14268K, reserved 1048576K
Event: 2137.236 GC heap after
Heap after GC invocations=42 (full 4):
 PSYoungGen      total 331264K, used 19392K [0x00000000e0000000, 0x00000000f6b00000, 0x0000000100000000)
  eden space 290304K, 0% used [0x00000000e0000000,0x00000000e0000000,0x00000000f1b80000)
  from space 40960K, 47% used [0x00000000f4300000,0x00000000f55f0180,0x00000000f6b00000)
  to   space 40448K, 0% used [0x00000000f1b80000,0x00000000f1b80000,0x00000000f4300000)
 ParOldGen       total 265216K, used 76827K [0x00000000a0000000, 0x00000000b0300000, 0x00000000e0000000)
  object space 265216K, 28% used [0x00000000a0000000,0x00000000a4b06d88,0x00000000b0300000)
 Metaspace       used 95042K, capacity 103364K, committed 103572K, reserved 1138688K
  class space    used 12209K, capacity 14127K, committed 14268K, reserved 1048576K
}
Event: 2137.888 GC heap before
{Heap before GC invocations=43 (full 4):
 PSYoungGen      total 331264K, used 309696K [0x00000000e0000000, 0x00000000f6b00000, 0x0000000100000000)
  eden space 290304K, 100% used [0x00000000e0000000,0x00000000f1b80000,0x00000000f1b80000)
  from space 40960K, 47% used [0x00000000f4300000,0x00000000f55f0180,0x00000000f6b00000)
  to   space 40448K, 0% used [0x00000000f1b80000,0x00000000f1b80000,0x00000000f4300000)
 ParOldGen       total 265216K, used 76827K [0x00000000a0000000, 0x00000000b0300000, 0x00000000e0000000)
  object space 265216K, 28% used [0x00000000a0000000,0x00000000a4b06d88,0x00000000b0300000)
 Metaspace       used 95086K, capacity 103440K, committed 103828K, reserved 1138688K
  class space    used 12213K, capacity 14129K, committed 14268K, reserved 1048576K
Event: 2137.913 GC heap after
Heap after GC invocations=43 (full 4):
 PSYoungGen      total 330752K, used 16091K [0x00000000e0000000, 0x00000000f9980000, 0x0000000100000000)
  eden space 290304K, 0% used [0x00000000e0000000,0x00000000e0000000,0x00000000f1b80000)
  from space 40448K, 39% used [0x00000000f1b80000,0x00000000f2b36f98,0x00000000f4300000)
  to   space 39424K, 0% used [0x00000000f7300000,0x00000000f7300000,0x00000000f9980000)
 ParOldGen       total 265216K, used 81419K [0x00000000a0000000, 0x00000000b0300000, 0x00000000e0000000)
  object space 265216K, 30% used [0x00000000a0000000,0x00000000a4f82d88,0x00000000b0300000)
 Metaspace       used 95086K, capacity 103440K, committed 103828K, reserved 1138688K
  class space    used 12213K, capacity 14129K, committed 14268K, reserved 1048576K
}
Event: 2140.699 GC heap before
{Heap before GC invocations=44 (full 4):
 PSYoungGen      total 330752K, used 306395K [0x00000000e0000000, 0x00000000f9980000, 0x0000000100000000)
  eden space 290304K, 100% used [0x00000000e0000000,0x00000000f1b80000,0x00000000f1b80000)
  from space 40448K, 39% used [0x00000000f1b80000,0x00000000f2b36f98,0x00000000f4300000)
  to   space 39424K, 0% used [0x00000000f7300000,0x00000000f7300000,0x00000000f9980000)
 ParOldGen       total 265216K, used 81419K [0x00000000a0000000, 0x00000000b0300000, 0x00000000e0000000)
  object space 265216K, 30% used [0x00000000a0000000,0x00000000a4f82d88,0x00000000b0300000)
 Metaspace       used 95930K, capacity 104268K, committed 104468K, reserved 1138688K
  class space    used 12303K, capacity 14231K, committed 14396K, reserved 1048576K
Event: 2140.725 GC heap after
Heap after GC invocations=44 (full 4):
 PSYoungGen      total 376320K, used 34134K [0x00000000e0000000, 0x00000000f9c00000, 0x0000000100000000)
  eden space 336896K, 0% used [0x00000000e0000000,0x00000000e0000000,0x00000000f4900000)
  from space 39424K, 86% used [0x00000000f7300000,0x00000000f9455a88,0x00000000f9980000)
  to   space 42496K, 0% used [0x00000000f4900000,0x00000000f4900000,0x00000000f7280000)
 ParOldGen       total 265216K, used 85771K [0x00000000a0000000, 0x00000000b0300000, 0x00000000e0000000)
  object space 265216K, 32% used [0x00000000a0000000,0x00000000a53c2d88,0x00000000b0300000)
 Metaspace       used 95930K, capacity 104268K, committed 104468K, reserved 1138688K
  class space    used 12303K, capacity 14231K, committed 14396K, reserved 1048576K
}
Event: 2145.319 GC heap before
{Heap before GC invocations=45 (full 4):
 PSYoungGen      total 376320K, used 371030K [0x00000000e0000000, 0x00000000f9c00000, 0x0000000100000000)
  eden space 336896K, 100% used [0x00000000e0000000,0x00000000f4900000,0x00000000f4900000)
  from space 39424K, 86% used [0x00000000f7300000,0x00000000f9455a88,0x00000000f9980000)
  to   space 42496K, 0% used [0x00000000f4900000,0x00000000f4900000,0x00000000f7280000)
 ParOldGen       total 265216K, used 85771K [0x00000000a0000000, 0x00000000b0300000, 0x00000000e0000000)
  object space 265216K, 32% used [0x00000000a0000000,0x00000000a53c2d88,0x00000000b0300000)
 Metaspace       used 96420K, capacity 104812K, committed 105108K, reserved 1140736K
  class space    used 12369K, capacity 14343K, committed 14524K, reserved 1048576K
Event: 2145.343 GC heap after
Heap after GC invocations=45 (full 4):
 PSYoungGen      total 379392K, used 6180K [0x00000000e0000000, 0x00000000fc880000, 0x0000000100000000)
  eden space 336896K, 0% used [0x00000000e0000000,0x00000000e0000000,0x00000000f4900000)
  from space 42496K, 14% used [0x00000000f4900000,0x00000000f4f092b0,0x00000000f7280000)
  to   space 43520K, 0% used [0x00000000f9e00000,0x00000000f9e00000,0x00000000fc880000)
 ParOldGen       total 265216K, used 92067K [0x00000000a0000000, 0x00000000b0300000, 0x00000000e0000000)
  object space 265216K, 34% used [0x00000000a0000000,0x00000000a59e8c70,0x00000000b0300000)
 Metaspace       used 96420K, capacity 104812K, committed 105108K, reserved 1140736K
  class space    used 12369K, capacity 14343K, committed 14524K, reserved 1048576K
}
Event: 2187.970 GC heap before
{Heap before GC invocations=46 (full 4):
 PSYoungGen      total 379392K, used 343076K [0x00000000e0000000, 0x00000000fc880000, 0x0000000100000000)
  eden space 336896K, 100% used [0x00000000e0000000,0x00000000f4900000,0x00000000f4900000)
  from space 42496K, 14% used [0x00000000f4900000,0x00000000f4f092b0,0x00000000f7280000)
  to   space 43520K, 0% used [0x00000000f9e00000,0x00000000f9e00000,0x00000000fc880000)
 ParOldGen       total 265216K, used 92067K [0x00000000a0000000, 0x00000000b0300000, 0x00000000e0000000)
  object space 265216K, 34% used [0x00000000a0000000,0x00000000a59e8c70,0x00000000b0300000)
 Metaspace       used 97128K, capacity 105764K, committed 106004K, reserved 1140736K
  class space    used 12485K, capacity 14479K, committed 14652K, reserved 1048576K
Event: 2187.975 GC heap after
Heap after GC invocations=46 (full 4):
 PSYoungGen      total 414720K, used 2990K [0x00000000e0000000, 0x00000000fc480000, 0x0000000100000000)
  eden space 375296K, 0% used [0x00000000e0000000,0x00000000e0000000,0x00000000f6e80000)
  from space 39424K, 7% used [0x00000000f9e00000,0x00000000fa0eb998,0x00000000fc480000)
  to   space 44032K, 0% used [0x00000000f6e80000,0x00000000f6e80000,0x00000000f9980000)
 ParOldGen       total 265216K, used 93995K [0x00000000a0000000, 0x00000000b0300000, 0x00000000e0000000)
  object space 265216K, 35% used [0x00000000a0000000,0x00000000a5bcae58,0x00000000b0300000)
 Metaspace       used 97128K, capacity 105764K, committed 106004K, reserved 1140736K
  class space    used 12485K, capacity 14479K, committed 14652K, reserved 1048576K
}

